<?xml version="1.0" encoding="UTF-8" ?>
<testsuite tests="28" failures="0" name="pl.coderslab.GuruRegisterTest" time="0.443" errors="4" skipped="20">
  <properties>
[...]
</properties>
  <testcase classname="| jan.kowalski@gmail.com | Jan | Kowalski | 123jan | London | 59-123 | Prosta | 1 |" name="Given an open browser with https://wro-tem-s-01.codersguru.pl/" time="0.004"/>
  <testcase classname="| jan.kowalski@gmail.com | Jan | Kowalski | 123jan | London | 59-123 | Prosta | 1 |" name="When click on the register button" time="0"/>
  <testcase classname="| jan.kowalski@gmail.com | Jan | Kowalski | 123jan | London | 59-123 | Prosta | 1 |" name="And fill e-mail with jan.kowalski@gmail.com" time="0.013">
    <error message="unknown error: call function result missing &apos;value&apos;
  (Session info: chrome=68.0.3440.106)
  (Driver info: chromedriver=2.33.506106 (8a06c39c4582fbfbab6966dbb1c38a9173bfb1a2),platform=Mac OS X 10.12.6 x86_64) (WARNING: The server did not provide any stacktrace information)
Command duration or timeout: 0 milliseconds
Build info: version: &apos;3.13.0&apos;, revision: &apos;2f0d292&apos;, time: &apos;2018-06-25T15:24:21.231Z&apos;
System info: host: &apos;MacBook-Pro.local&apos;, ip: &apos;fe80:0:0:0:43:cc46:4e76:7468%en0&apos;, os.name: &apos;Mac OS X&apos;, os.arch: &apos;x86_64&apos;, os.version: &apos;10.12.6&apos;, java.version: &apos;10.0.1&apos;
Driver info: org.openqa.selenium.chrome.ChromeDriver
Capabilities {acceptSslCerts: true, applicationCacheEnabled: false, browserConnectionEnabled: false, browserName: chrome, chrome: {chromedriverVersion: 2.33.506106 (8a06c39c4582fb..., userDataDir: /var/folders/07/pwss_zm91wj...}, cssSelectorsEnabled: true, databaseEnabled: false, handlesAlerts: true, hasTouchScreen: false, javascriptEnabled: true, locationContextEnabled: true, mobileEmulationEnabled: false, nativeEvents: true, networkConnectionEnabled: false, pageLoadStrategy: normal, platform: MAC, platformName: MAC, rotatable: false, setWindowRect: true, takesHeapSnapshot: true, takesScreenshot: true, unexpectedAlertBehaviour: , unhandledPromptBehavior: , version: 68.0.3440.106, webStorageEnabled: true}
Session ID: a5aab14e4df6f0f30f113daeb13edcc8" type="org.openqa.selenium.WebDriverException">org.openqa.selenium.WebDriverException: unknown error: call function result missing &apos;value&apos;
  (Session info: chrome=68.0.3440.106)
  (Driver info: chromedriver=2.33.506106 (8a06c39c4582fbfbab6966dbb1c38a9173bfb1a2),platform=Mac OS X 10.12.6 x86_64) (WARNING: The server did not provide any stacktrace information)
Command duration or timeout: 0 milliseconds
Build info: version: &apos;3.13.0&apos;, revision: &apos;2f0d292&apos;, time: &apos;2018-06-25T15:24:21.231Z&apos;
System info: host: &apos;MacBook-Pro.local&apos;, ip: &apos;fe80:0:0:0:43:cc46:4e76:7468%en0&apos;, os.name: &apos;Mac OS X&apos;, os.arch: &apos;x86_64&apos;, os.version: &apos;10.12.6&apos;, java.version: &apos;10.0.1&apos;
Driver info: org.openqa.selenium.chrome.ChromeDriver
Capabilities {acceptSslCerts: true, applicationCacheEnabled: false, browserConnectionEnabled: false, browserName: chrome, chrome: {chromedriverVersion: 2.33.506106 (8a06c39c4582fb..., userDataDir: /var/folders/07/pwss_zm91wj...}, cssSelectorsEnabled: true, databaseEnabled: false, handlesAlerts: true, hasTouchScreen: false, javascriptEnabled: true, locationContextEnabled: true, mobileEmulationEnabled: false, nativeEvents: true, networkConnectionEnabled: false, pageLoadStrategy: normal, platform: MAC, platformName: MAC, rotatable: false, setWindowRect: true, takesHeapSnapshot: true, takesScreenshot: true, unexpectedAlertBehaviour: , unhandledPromptBehavior: , version: 68.0.3440.106, webStorageEnabled: true}
Session ID: a5aab14e4df6f0f30f113daeb13edcc8
	at java.base/jdk.internal.reflect.NativeConstructorAccessorImpl.newInstance0(Native Method)
	at java.base/jdk.internal.reflect.NativeConstructorAccessorImpl.newInstance(NativeConstructorAccessorImpl.java:62)
	at java.base/jdk.internal.reflect.DelegatingConstructorAccessorImpl.newInstance(DelegatingConstructorAccessorImpl.java:45)
	at java.base/java.lang.reflect.Constructor.newInstance(Constructor.java:488)
	at org.openqa.selenium.remote.ErrorHandler.createThrowable(ErrorHandler.java:214)
	at org.openqa.selenium.remote.ErrorHandler.throwIfResponseFailed(ErrorHandler.java:166)
	at org.openqa.selenium.remote.http.JsonHttpResponseCodec.reconstructValue(JsonHttpResponseCodec.java:40)
	at org.openqa.selenium.remote.http.AbstractHttpResponseCodec.decode(AbstractHttpResponseCodec.java:80)
	at org.openqa.selenium.remote.http.AbstractHttpResponseCodec.decode(AbstractHttpResponseCodec.java:44)
	at org.openqa.selenium.remote.HttpCommandExecutor.execute(HttpCommandExecutor.java:158)
	at org.openqa.selenium.remote.service.DriverCommandExecutor.execute(DriverCommandExecutor.java:83)
	at org.openqa.selenium.remote.RemoteWebDriver.execute(RemoteWebDriver.java:548)
	at org.openqa.selenium.remote.RemoteWebElement.execute(RemoteWebElement.java:276)
	at org.openqa.selenium.remote.RemoteWebElement.sendKeys(RemoteWebElement.java:100)
	at pl.coderslab.GuruRegister.fillEmail(GuruRegister.java:44)
	at ✽.And fill e-mail with jan.kowalski@gmail.com(guru-register.feature:8)
</error>
  </testcase>
  <testcase classname="| jan.kowalski@gmail.com | Jan | Kowalski | 123jan | London | 59-123 | Prosta | 1 |" name="| jan.kowalski@gmail.com | Jan | Kowalski | 123jan | London | 59-123 | Prosta | 1 |" time="0.014">
    <error message="unknown error: call function result missing &apos;value&apos;
  (Session info: chrome=68.0.3440.106)
  (Driver info: chromedriver=2.33.506106 (8a06c39c4582fbfbab6966dbb1c38a9173bfb1a2),platform=Mac OS X 10.12.6 x86_64) (WARNING: The server did not provide any stacktrace information)
Command duration or timeout: 0 milliseconds
Build info: version: &apos;3.13.0&apos;, revision: &apos;2f0d292&apos;, time: &apos;2018-06-25T15:24:21.231Z&apos;
System info: host: &apos;MacBook-Pro.local&apos;, ip: &apos;fe80:0:0:0:43:cc46:4e76:7468%en0&apos;, os.name: &apos;Mac OS X&apos;, os.arch: &apos;x86_64&apos;, os.version: &apos;10.12.6&apos;, java.version: &apos;10.0.1&apos;
Driver info: org.openqa.selenium.chrome.ChromeDriver
Capabilities {acceptSslCerts: true, applicationCacheEnabled: false, browserConnectionEnabled: false, browserName: chrome, chrome: {chromedriverVersion: 2.33.506106 (8a06c39c4582fb..., userDataDir: /var/folders/07/pwss_zm91wj...}, cssSelectorsEnabled: true, databaseEnabled: false, handlesAlerts: true, hasTouchScreen: false, javascriptEnabled: true, locationContextEnabled: true, mobileEmulationEnabled: false, nativeEvents: true, networkConnectionEnabled: false, pageLoadStrategy: normal, platform: MAC, platformName: MAC, rotatable: false, setWindowRect: true, takesHeapSnapshot: true, takesScreenshot: true, unexpectedAlertBehaviour: , unhandledPromptBehavior: , version: 68.0.3440.106, webStorageEnabled: true}
Session ID: a5aab14e4df6f0f30f113daeb13edcc8" type="org.openqa.selenium.WebDriverException">org.openqa.selenium.WebDriverException: unknown error: call function result missing &apos;value&apos;
  (Session info: chrome=68.0.3440.106)
  (Driver info: chromedriver=2.33.506106 (8a06c39c4582fbfbab6966dbb1c38a9173bfb1a2),platform=Mac OS X 10.12.6 x86_64) (WARNING: The server did not provide any stacktrace information)
Command duration or timeout: 0 milliseconds
Build info: version: &apos;3.13.0&apos;, revision: &apos;2f0d292&apos;, time: &apos;2018-06-25T15:24:21.231Z&apos;
System info: host: &apos;MacBook-Pro.local&apos;, ip: &apos;fe80:0:0:0:43:cc46:4e76:7468%en0&apos;, os.name: &apos;Mac OS X&apos;, os.arch: &apos;x86_64&apos;, os.version: &apos;10.12.6&apos;, java.version: &apos;10.0.1&apos;
Driver info: org.openqa.selenium.chrome.ChromeDriver
Capabilities {acceptSslCerts: true, applicationCacheEnabled: false, browserConnectionEnabled: false, browserName: chrome, chrome: {chromedriverVersion: 2.33.506106 (8a06c39c4582fb..., userDataDir: /var/folders/07/pwss_zm91wj...}, cssSelectorsEnabled: true, databaseEnabled: false, handlesAlerts: true, hasTouchScreen: false, javascriptEnabled: true, locationContextEnabled: true, mobileEmulationEnabled: false, nativeEvents: true, networkConnectionEnabled: false, pageLoadStrategy: normal, platform: MAC, platformName: MAC, rotatable: false, setWindowRect: true, takesHeapSnapshot: true, takesScreenshot: true, unexpectedAlertBehaviour: , unhandledPromptBehavior: , version: 68.0.3440.106, webStorageEnabled: true}
Session ID: a5aab14e4df6f0f30f113daeb13edcc8
	at java.base/jdk.internal.reflect.NativeConstructorAccessorImpl.newInstance0(Native Method)
	at java.base/jdk.internal.reflect.NativeConstructorAccessorImpl.newInstance(NativeConstructorAccessorImpl.java:62)
	at java.base/jdk.internal.reflect.DelegatingConstructorAccessorImpl.newInstance(DelegatingConstructorAccessorImpl.java:45)
	at java.base/java.lang.reflect.Constructor.newInstance(Constructor.java:488)
	at org.openqa.selenium.remote.ErrorHandler.createThrowable(ErrorHandler.java:214)
	at org.openqa.selenium.remote.ErrorHandler.throwIfResponseFailed(ErrorHandler.java:166)
	at org.openqa.selenium.remote.http.JsonHttpResponseCodec.reconstructValue(JsonHttpResponseCodec.java:40)
	at org.openqa.selenium.remote.http.AbstractHttpResponseCodec.decode(AbstractHttpResponseCodec.java:80)
	at org.openqa.selenium.remote.http.AbstractHttpResponseCodec.decode(AbstractHttpResponseCodec.java:44)
	at org.openqa.selenium.remote.HttpCommandExecutor.execute(HttpCommandExecutor.java:158)
	at org.openqa.selenium.remote.service.DriverCommandExecutor.execute(DriverCommandExecutor.java:83)
	at org.openqa.selenium.remote.RemoteWebDriver.execute(RemoteWebDriver.java:548)
	at org.openqa.selenium.remote.RemoteWebElement.execute(RemoteWebElement.java:276)
	at org.openqa.selenium.remote.RemoteWebElement.sendKeys(RemoteWebElement.java:100)
	at pl.coderslab.GuruRegister.fillEmail(GuruRegister.java:44)
	at ✽.And fill e-mail with jan.kowalski@gmail.com(guru-register.feature:8)
</error>
  </testcase>
  <testcase classname="| jan.kowalski@gmail.com | Jan | Kowalski | 123jan | London | 59-123 | Prosta | 1 |" name="And fill first name with Jan" time="0.024">
    <skipped/>
  </testcase>
  <testcase classname="| jan.kowalski@gmail.com | Jan | Kowalski | 123jan | London | 59-123 | Prosta | 1 |" name="And fill last name with Kowalski" time="0.024">
    <skipped/>
  </testcase>
  <testcase classname="| jan.kowalski@gmail.com | Jan | Kowalski | 123jan | London | 59-123 | Prosta | 1 |" name="And fill password with 123jan" time="0.024">
    <skipped/>
  </testcase>
  <testcase classname="| jan.kowalski@gmail.com | Jan | Kowalski | 123jan | London | 59-123 | Prosta | 1 |" name="And fill repeat password with 123jan" time="0.024">
    <skipped/>
  </testcase>
  <testcase classname="| jan.kowalski@gmail.com | Jan | Kowalski | 123jan | London | 59-123 | Prosta | 1 |" name="And fill city with London" time="0.024">
    <skipped/>
  </testcase>
  <testcase classname="| jan.kowalski@gmail.com | Jan | Kowalski | 123jan | London | 59-123 | Prosta | 1 |" name="And fill zip code with 59-123" time="0.024">
    <skipped/>
  </testcase>
  <testcase classname="| jan.kowalski@gmail.com | Jan | Kowalski | 123jan | London | 59-123 | Prosta | 1 |" name="And fill street with Prosta" time="0.025">
    <skipped/>
  </testcase>
  <testcase classname="| jan.kowalski@gmail.com | Jan | Kowalski | 123jan | London | 59-123 | Prosta | 1 |" name="And fill house with 1" time="0.025">
    <skipped/>
  </testcase>
  <testcase classname="| jan.kowalski@gmail.com | Jan | Kowalski | 123jan | London | 59-123 | Prosta | 1 |" name="And check checkbox" time="0.027">
    <skipped/>
  </testcase>
  <testcase classname="| jan.kowalski@gmail.com | Jan | Kowalski | 123jan | London | 59-123 | Prosta | 1 |" name="Then register" time="0.027">
    <skipped/>
  </testcase>
  <testcase classname="| adrianna.nowak@gmail.com | Adrianna | Nowak | qwertyada | Dublin | 12-456 | Krzywa | 3 |" name="Given an open browser with https://wro-tem-s-01.codersguru.pl/" time="0"/>
  <testcase classname="| adrianna.nowak@gmail.com | Adrianna | Nowak | qwertyada | Dublin | 12-456 | Krzywa | 3 |" name="When click on the register button" time="0"/>
  <testcase classname="| adrianna.nowak@gmail.com | Adrianna | Nowak | qwertyada | Dublin | 12-456 | Krzywa | 3 |" name="And fill e-mail with adrianna.nowak@gmail.com" time="0.004">
    <error message="unknown error: call function result missing &apos;value&apos;
  (Session info: chrome=68.0.3440.106)
  (Driver info: chromedriver=2.33.506106 (8a06c39c4582fbfbab6966dbb1c38a9173bfb1a2),platform=Mac OS X 10.12.6 x86_64) (WARNING: The server did not provide any stacktrace information)
Command duration or timeout: 0 milliseconds
Build info: version: &apos;3.13.0&apos;, revision: &apos;2f0d292&apos;, time: &apos;2018-06-25T15:24:21.231Z&apos;
System info: host: &apos;MacBook-Pro.local&apos;, ip: &apos;fe80:0:0:0:43:cc46:4e76:7468%en0&apos;, os.name: &apos;Mac OS X&apos;, os.arch: &apos;x86_64&apos;, os.version: &apos;10.12.6&apos;, java.version: &apos;10.0.1&apos;
Driver info: org.openqa.selenium.chrome.ChromeDriver
Capabilities {acceptSslCerts: true, applicationCacheEnabled: false, browserConnectionEnabled: false, browserName: chrome, chrome: {chromedriverVersion: 2.33.506106 (8a06c39c4582fb..., userDataDir: /var/folders/07/pwss_zm91wj...}, cssSelectorsEnabled: true, databaseEnabled: false, handlesAlerts: true, hasTouchScreen: false, javascriptEnabled: true, locationContextEnabled: true, mobileEmulationEnabled: false, nativeEvents: true, networkConnectionEnabled: false, pageLoadStrategy: normal, platform: MAC, platformName: MAC, rotatable: false, setWindowRect: true, takesHeapSnapshot: true, takesScreenshot: true, unexpectedAlertBehaviour: , unhandledPromptBehavior: , version: 68.0.3440.106, webStorageEnabled: true}
Session ID: fcbb9b2cbbeecf0af742833d3b0299e0" type="org.openqa.selenium.WebDriverException">org.openqa.selenium.WebDriverException: unknown error: call function result missing &apos;value&apos;
  (Session info: chrome=68.0.3440.106)
  (Driver info: chromedriver=2.33.506106 (8a06c39c4582fbfbab6966dbb1c38a9173bfb1a2),platform=Mac OS X 10.12.6 x86_64) (WARNING: The server did not provide any stacktrace information)
Command duration or timeout: 0 milliseconds
Build info: version: &apos;3.13.0&apos;, revision: &apos;2f0d292&apos;, time: &apos;2018-06-25T15:24:21.231Z&apos;
System info: host: &apos;MacBook-Pro.local&apos;, ip: &apos;fe80:0:0:0:43:cc46:4e76:7468%en0&apos;, os.name: &apos;Mac OS X&apos;, os.arch: &apos;x86_64&apos;, os.version: &apos;10.12.6&apos;, java.version: &apos;10.0.1&apos;
Driver info: org.openqa.selenium.chrome.ChromeDriver
Capabilities {acceptSslCerts: true, applicationCacheEnabled: false, browserConnectionEnabled: false, browserName: chrome, chrome: {chromedriverVersion: 2.33.506106 (8a06c39c4582fb..., userDataDir: /var/folders/07/pwss_zm91wj...}, cssSelectorsEnabled: true, databaseEnabled: false, handlesAlerts: true, hasTouchScreen: false, javascriptEnabled: true, locationContextEnabled: true, mobileEmulationEnabled: false, nativeEvents: true, networkConnectionEnabled: false, pageLoadStrategy: normal, platform: MAC, platformName: MAC, rotatable: false, setWindowRect: true, takesHeapSnapshot: true, takesScreenshot: true, unexpectedAlertBehaviour: , unhandledPromptBehavior: , version: 68.0.3440.106, webStorageEnabled: true}
Session ID: fcbb9b2cbbeecf0af742833d3b0299e0
	at java.base/jdk.internal.reflect.NativeConstructorAccessorImpl.newInstance0(Native Method)
	at java.base/jdk.internal.reflect.NativeConstructorAccessorImpl.newInstance(NativeConstructorAccessorImpl.java:62)
	at java.base/jdk.internal.reflect.DelegatingConstructorAccessorImpl.newInstance(DelegatingConstructorAccessorImpl.java:45)
	at java.base/java.lang.reflect.Constructor.newInstance(Constructor.java:488)
	at org.openqa.selenium.remote.ErrorHandler.createThrowable(ErrorHandler.java:214)
	at org.openqa.selenium.remote.ErrorHandler.throwIfResponseFailed(ErrorHandler.java:166)
	at org.openqa.selenium.remote.http.JsonHttpResponseCodec.reconstructValue(JsonHttpResponseCodec.java:40)
	at org.openqa.selenium.remote.http.AbstractHttpResponseCodec.decode(AbstractHttpResponseCodec.java:80)
	at org.openqa.selenium.remote.http.AbstractHttpResponseCodec.decode(AbstractHttpResponseCodec.java:44)
	at org.openqa.selenium.remote.HttpCommandExecutor.execute(HttpCommandExecutor.java:158)
	at org.openqa.selenium.remote.service.DriverCommandExecutor.execute(DriverCommandExecutor.java:83)
	at org.openqa.selenium.remote.RemoteWebDriver.execute(RemoteWebDriver.java:548)
	at org.openqa.selenium.remote.RemoteWebElement.execute(RemoteWebElement.java:276)
	at org.openqa.selenium.remote.RemoteWebElement.sendKeys(RemoteWebElement.java:100)
	at pl.coderslab.GuruRegister.fillEmail(GuruRegister.java:44)
	at ✽.And fill e-mail with adrianna.nowak@gmail.com(guru-register.feature:8)
</error>
  </testcase>
  <testcase classname="| adrianna.nowak@gmail.com | Adrianna | Nowak | qwertyada | Dublin | 12-456 | Krzywa | 3 |" name="| adrianna.nowak@gmail.com | Adrianna | Nowak | qwertyada | Dublin | 12-456 | Krzywa | 3 |" time="0.005">
    <error message="unknown error: call function result missing &apos;value&apos;
  (Session info: chrome=68.0.3440.106)
  (Driver info: chromedriver=2.33.506106 (8a06c39c4582fbfbab6966dbb1c38a9173bfb1a2),platform=Mac OS X 10.12.6 x86_64) (WARNING: The server did not provide any stacktrace information)
Command duration or timeout: 0 milliseconds
Build info: version: &apos;3.13.0&apos;, revision: &apos;2f0d292&apos;, time: &apos;2018-06-25T15:24:21.231Z&apos;
System info: host: &apos;MacBook-Pro.local&apos;, ip: &apos;fe80:0:0:0:43:cc46:4e76:7468%en0&apos;, os.name: &apos;Mac OS X&apos;, os.arch: &apos;x86_64&apos;, os.version: &apos;10.12.6&apos;, java.version: &apos;10.0.1&apos;
Driver info: org.openqa.selenium.chrome.ChromeDriver
Capabilities {acceptSslCerts: true, applicationCacheEnabled: false, browserConnectionEnabled: false, browserName: chrome, chrome: {chromedriverVersion: 2.33.506106 (8a06c39c4582fb..., userDataDir: /var/folders/07/pwss_zm91wj...}, cssSelectorsEnabled: true, databaseEnabled: false, handlesAlerts: true, hasTouchScreen: false, javascriptEnabled: true, locationContextEnabled: true, mobileEmulationEnabled: false, nativeEvents: true, networkConnectionEnabled: false, pageLoadStrategy: normal, platform: MAC, platformName: MAC, rotatable: false, setWindowRect: true, takesHeapSnapshot: true, takesScreenshot: true, unexpectedAlertBehaviour: , unhandledPromptBehavior: , version: 68.0.3440.106, webStorageEnabled: true}
Session ID: fcbb9b2cbbeecf0af742833d3b0299e0" type="org.openqa.selenium.WebDriverException">org.openqa.selenium.WebDriverException: unknown error: call function result missing &apos;value&apos;
  (Session info: chrome=68.0.3440.106)
  (Driver info: chromedriver=2.33.506106 (8a06c39c4582fbfbab6966dbb1c38a9173bfb1a2),platform=Mac OS X 10.12.6 x86_64) (WARNING: The server did not provide any stacktrace information)
Command duration or timeout: 0 milliseconds
Build info: version: &apos;3.13.0&apos;, revision: &apos;2f0d292&apos;, time: &apos;2018-06-25T15:24:21.231Z&apos;
System info: host: &apos;MacBook-Pro.local&apos;, ip: &apos;fe80:0:0:0:43:cc46:4e76:7468%en0&apos;, os.name: &apos;Mac OS X&apos;, os.arch: &apos;x86_64&apos;, os.version: &apos;10.12.6&apos;, java.version: &apos;10.0.1&apos;
Driver info: org.openqa.selenium.chrome.ChromeDriver
Capabilities {acceptSslCerts: true, applicationCacheEnabled: false, browserConnectionEnabled: false, browserName: chrome, chrome: {chromedriverVersion: 2.33.506106 (8a06c39c4582fb..., userDataDir: /var/folders/07/pwss_zm91wj...}, cssSelectorsEnabled: true, databaseEnabled: false, handlesAlerts: true, hasTouchScreen: false, javascriptEnabled: true, locationContextEnabled: true, mobileEmulationEnabled: false, nativeEvents: true, networkConnectionEnabled: false, pageLoadStrategy: normal, platform: MAC, platformName: MAC, rotatable: false, setWindowRect: true, takesHeapSnapshot: true, takesScreenshot: true, unexpectedAlertBehaviour: , unhandledPromptBehavior: , version: 68.0.3440.106, webStorageEnabled: true}
Session ID: fcbb9b2cbbeecf0af742833d3b0299e0
	at java.base/jdk.internal.reflect.NativeConstructorAccessorImpl.newInstance0(Native Method)
	at java.base/jdk.internal.reflect.NativeConstructorAccessorImpl.newInstance(NativeConstructorAccessorImpl.java:62)
	at java.base/jdk.internal.reflect.DelegatingConstructorAccessorImpl.newInstance(DelegatingConstructorAccessorImpl.java:45)
	at java.base/java.lang.reflect.Constructor.newInstance(Constructor.java:488)
	at org.openqa.selenium.remote.ErrorHandler.createThrowable(ErrorHandler.java:214)
	at org.openqa.selenium.remote.ErrorHandler.throwIfResponseFailed(ErrorHandler.java:166)
	at org.openqa.selenium.remote.http.JsonHttpResponseCodec.reconstructValue(JsonHttpResponseCodec.java:40)
	at org.openqa.selenium.remote.http.AbstractHttpResponseCodec.decode(AbstractHttpResponseCodec.java:80)
	at org.openqa.selenium.remote.http.AbstractHttpResponseCodec.decode(AbstractHttpResponseCodec.java:44)
	at org.openqa.selenium.remote.HttpCommandExecutor.execute(HttpCommandExecutor.java:158)
	at org.openqa.selenium.remote.service.DriverCommandExecutor.execute(DriverCommandExecutor.java:83)
	at org.openqa.selenium.remote.RemoteWebDriver.execute(RemoteWebDriver.java:548)
	at org.openqa.selenium.remote.RemoteWebElement.execute(RemoteWebElement.java:276)
	at org.openqa.selenium.remote.RemoteWebElement.sendKeys(RemoteWebElement.java:100)
	at pl.coderslab.GuruRegister.fillEmail(GuruRegister.java:44)
	at ✽.And fill e-mail with adrianna.nowak@gmail.com(guru-register.feature:8)
</error>
  </testcase>
  <testcase classname="| adrianna.nowak@gmail.com | Adrianna | Nowak | qwertyada | Dublin | 12-456 | Krzywa | 3 |" name="And fill first name with Adrianna" time="0.01">
    <skipped/>
  </testcase>
  <testcase classname="| adrianna.nowak@gmail.com | Adrianna | Nowak | qwertyada | Dublin | 12-456 | Krzywa | 3 |" name="And fill last name with Nowak" time="0.01">
    <skipped/>
  </testcase>
  <testcase classname="| adrianna.nowak@gmail.com | Adrianna | Nowak | qwertyada | Dublin | 12-456 | Krzywa | 3 |" name="And fill password with qwertyada" time="0.01">
    <skipped/>
  </testcase>
  <testcase classname="| adrianna.nowak@gmail.com | Adrianna | Nowak | qwertyada | Dublin | 12-456 | Krzywa | 3 |" name="And fill repeat password with qwertyada" time="0.01">
    <skipped/>
  </testcase>
  <testcase classname="| adrianna.nowak@gmail.com | Adrianna | Nowak | qwertyada | Dublin | 12-456 | Krzywa | 3 |" name="And fill city with Dublin" time="0.01">
    <skipped/>
  </testcase>
  <testcase classname="| adrianna.nowak@gmail.com | Adrianna | Nowak | qwertyada | Dublin | 12-456 | Krzywa | 3 |" name="And fill zip code with 12-456" time="0.021">
    <skipped/>
  </testcase>
  <testcase classname="| adrianna.nowak@gmail.com | Adrianna | Nowak | qwertyada | Dublin | 12-456 | Krzywa | 3 |" name="And fill street with Krzywa" time="0.021">
    <skipped/>
  </testcase>
  <testcase classname="| adrianna.nowak@gmail.com | Adrianna | Nowak | qwertyada | Dublin | 12-456 | Krzywa | 3 |" name="And fill house with 3" time="0.021">
    <skipped/>
  </testcase>
  <testcase classname="| adrianna.nowak@gmail.com | Adrianna | Nowak | qwertyada | Dublin | 12-456 | Krzywa | 3 |" name="And check checkbox" time="0.021">
    <skipped/>
  </testcase>
  <testcase classname="| adrianna.nowak@gmail.com | Adrianna | Nowak | qwertyada | Dublin | 12-456 | Krzywa | 3 |" name="Then register" time="0.021">
    <skipped/>
  </testcase>
</testsuite>